<?xml version="1.0" encoding="utf-8"?>
<!DOCTYPE coverage SYSTEM "http://cobertura.sourceforge.net/xml/coverage-04.dtd">
<coverage line-rate="0.761479591836735" branch-rate="0.623639191290824" lines-covered="1194" lines-valid="1568" branches-covered="401" branches-valid="643" complexity="738" version="0" timestamp="1701517365">
  <sources>
    <source>C:\</source>
    <source>E:\Egyetem\Temalabor\Chess\ConsoleChess\</source>
  </sources>
  <packages>
    <package name="ChessTest" line-rate="0.997835497835498" branch-rate="1" complexity="42">
      <classes>
        <class name="AutoGeneratedProgram" filename="C:\Users\User\.nuget\packages\microsoft.net.test.sdk\16.11.0\build\netcoreapp2.1\Microsoft.NET.Test.Sdk.Program.cs" line-rate="0" branch-rate="1" complexity="1">
          <methods>
            <method name="Main" signature="(...)" line-rate="0" branch-rate="1" complexity="1">
              <lines>
                <line number="4" hits="0" branch="false" />
              </lines>
            </method>
          </methods>
          <lines>
            <line number="4" hits="0" branch="false" />
          </lines>
        </class>
        <class name="ChessTest.PieceTest" filename="E:\Egyetem\Temalabor\Chess\ConsoleChess\ChessTest\PieceTest.cs" line-rate="1" branch-rate="1" complexity="18">
          <methods>
            <method name="WrongStartPoint" signature="()" line-rate="1" branch-rate="1" complexity="1">
              <lines>
                <line number="16" hits="1" branch="false" />
                <line number="17" hits="1" branch="false" />
                <line number="18" hits="1" branch="false" />
                <line number="19" hits="1" branch="false" />
                <line number="20" hits="1" branch="false" />
              </lines>
            </method>
            <method name="CannotStepIntoOwnPiece" signature="()" line-rate="1" branch-rate="1" complexity="1">
              <lines>
                <line number="23" hits="1" branch="false" />
                <line number="24" hits="1" branch="false" />
                <line number="25" hits="1" branch="false" />
                <line number="26" hits="1" branch="false" />
                <line number="27" hits="1" branch="false" />
              </lines>
            </method>
            <method name="PawnGoodMove" signature="()" line-rate="1" branch-rate="1" complexity="1">
              <lines>
                <line number="30" hits="1" branch="false" />
                <line number="31" hits="1" branch="false" />
                <line number="32" hits="1" branch="false" />
                <line number="33" hits="1" branch="false" />
                <line number="34" hits="1" branch="false" />
              </lines>
            </method>
            <method name="PawnBadMove" signature="()" line-rate="1" branch-rate="1" complexity="1">
              <lines>
                <line number="38" hits="1" branch="false" />
                <line number="39" hits="1" branch="false" />
                <line number="40" hits="1" branch="false" />
                <line number="41" hits="1" branch="false" />
                <line number="42" hits="1" branch="false" />
              </lines>
            </method>
            <method name="KnightGoodMove" signature="()" line-rate="1" branch-rate="1" complexity="1">
              <lines>
                <line number="45" hits="1" branch="false" />
                <line number="46" hits="1" branch="false" />
                <line number="47" hits="1" branch="false" />
                <line number="48" hits="1" branch="false" />
                <line number="49" hits="1" branch="false" />
              </lines>
            </method>
            <method name="KnightBadMove" signature="()" line-rate="1" branch-rate="1" complexity="1">
              <lines>
                <line number="52" hits="1" branch="false" />
                <line number="53" hits="1" branch="false" />
                <line number="54" hits="1" branch="false" />
                <line number="55" hits="1" branch="false" />
                <line number="56" hits="1" branch="false" />
              </lines>
            </method>
            <method name="BishopGoodMove" signature="()" line-rate="1" branch-rate="1" complexity="1">
              <lines>
                <line number="59" hits="1" branch="false" />
                <line number="60" hits="1" branch="false" />
                <line number="61" hits="1" branch="false" />
                <line number="62" hits="1" branch="false" />
                <line number="63" hits="1" branch="false" />
                <line number="64" hits="1" branch="false" />
                <line number="65" hits="1" branch="false" />
              </lines>
            </method>
            <method name="BishopBadMove" signature="()" line-rate="1" branch-rate="1" complexity="1">
              <lines>
                <line number="68" hits="1" branch="false" />
                <line number="69" hits="1" branch="false" />
                <line number="70" hits="1" branch="false" />
                <line number="71" hits="1" branch="false" />
                <line number="72" hits="1" branch="false" />
                <line number="73" hits="1" branch="false" />
                <line number="74" hits="1" branch="false" />
              </lines>
            </method>
            <method name="RookGoodMove" signature="()" line-rate="1" branch-rate="1" complexity="1">
              <lines>
                <line number="77" hits="1" branch="false" />
                <line number="78" hits="1" branch="false" />
                <line number="79" hits="1" branch="false" />
                <line number="80" hits="1" branch="false" />
                <line number="81" hits="1" branch="false" />
                <line number="82" hits="1" branch="false" />
                <line number="83" hits="1" branch="false" />
              </lines>
            </method>
            <method name="RookBadMove" signature="()" line-rate="1" branch-rate="1" complexity="1">
              <lines>
                <line number="86" hits="1" branch="false" />
                <line number="87" hits="1" branch="false" />
                <line number="88" hits="1" branch="false" />
                <line number="89" hits="1" branch="false" />
                <line number="90" hits="1" branch="false" />
                <line number="91" hits="1" branch="false" />
                <line number="92" hits="1" branch="false" />
              </lines>
            </method>
            <method name="QueenGoodMoveLikeRook" signature="()" line-rate="1" branch-rate="1" complexity="1">
              <lines>
                <line number="95" hits="1" branch="false" />
                <line number="96" hits="1" branch="false" />
                <line number="97" hits="1" branch="false" />
                <line number="98" hits="1" branch="false" />
                <line number="99" hits="1" branch="false" />
                <line number="100" hits="1" branch="false" />
                <line number="101" hits="1" branch="false" />
              </lines>
            </method>
            <method name="QueenGoodMoveLikeBishop" signature="()" line-rate="1" branch-rate="1" complexity="1">
              <lines>
                <line number="104" hits="1" branch="false" />
                <line number="105" hits="1" branch="false" />
                <line number="106" hits="1" branch="false" />
                <line number="107" hits="1" branch="false" />
                <line number="108" hits="1" branch="false" />
                <line number="109" hits="1" branch="false" />
                <line number="110" hits="1" branch="false" />
              </lines>
            </method>
            <method name="QueenBadMove" signature="()" line-rate="1" branch-rate="1" complexity="1">
              <lines>
                <line number="113" hits="1" branch="false" />
                <line number="114" hits="1" branch="false" />
                <line number="115" hits="1" branch="false" />
                <line number="116" hits="1" branch="false" />
                <line number="117" hits="1" branch="false" />
                <line number="118" hits="1" branch="false" />
                <line number="119" hits="1" branch="false" />
                <line number="120" hits="1" branch="false" />
                <line number="121" hits="1" branch="false" />
              </lines>
            </method>
            <method name="KingGoodMove" signature="()" line-rate="1" branch-rate="1" complexity="1">
              <lines>
                <line number="124" hits="1" branch="false" />
                <line number="125" hits="1" branch="false" />
                <line number="126" hits="1" branch="false" />
                <line number="127" hits="1" branch="false" />
                <line number="128" hits="1" branch="false" />
                <line number="129" hits="1" branch="false" />
                <line number="130" hits="1" branch="false" />
              </lines>
            </method>
            <method name="KingBadMove" signature="()" line-rate="1" branch-rate="1" complexity="1">
              <lines>
                <line number="133" hits="1" branch="false" />
                <line number="134" hits="1" branch="false" />
                <line number="135" hits="1" branch="false" />
                <line number="136" hits="1" branch="false" />
                <line number="137" hits="1" branch="false" />
                <line number="138" hits="1" branch="false" />
                <line number="139" hits="1" branch="false" />
              </lines>
            </method>
            <method name="Captures" signature="()" line-rate="1" branch-rate="1" complexity="1">
              <lines>
                <line number="142" hits="1" branch="false" />
                <line number="143" hits="1" branch="false" />
                <line number="144" hits="1" branch="false" />
                <line number="145" hits="1" branch="false" />
                <line number="146" hits="1" branch="false" />
                <line number="147" hits="1" branch="false" />
                <line number="148" hits="1" branch="false" />
              </lines>
            </method>
            <method name="PawnCaptures" signature="()" line-rate="1" branch-rate="1" complexity="1">
              <lines>
                <line number="151" hits="1" branch="false" />
                <line number="152" hits="1" branch="false" />
                <line number="153" hits="1" branch="false" />
                <line number="154" hits="1" branch="false" />
                <line number="155" hits="1" branch="false" />
                <line number="156" hits="1" branch="false" />
                <line number="157" hits="1" branch="false" />
              </lines>
            </method>
            <method name="generateMove" signature="(...)" line-rate="1" branch-rate="1" complexity="1">
              <lines>
                <line number="160" hits="41" branch="false" />
                <line number="161" hits="41" branch="false" />
                <line number="162" hits="41" branch="false" />
                <line number="163" hits="41" branch="false" />
                <line number="164" hits="41" branch="false" />
                <line number="165" hits="41" branch="false" />
                <line number="166" hits="41" branch="false" />
                <line number="167" hits="41" branch="false" />
              </lines>
            </method>
          </methods>
          <lines>
            <line number="16" hits="1" branch="false" />
            <line number="17" hits="1" branch="false" />
            <line number="18" hits="1" branch="false" />
            <line number="19" hits="1" branch="false" />
            <line number="20" hits="1" branch="false" />
            <line number="23" hits="1" branch="false" />
            <line number="24" hits="1" branch="false" />
            <line number="25" hits="1" branch="false" />
            <line number="26" hits="1" branch="false" />
            <line number="27" hits="1" branch="false" />
            <line number="30" hits="1" branch="false" />
            <line number="31" hits="1" branch="false" />
            <line number="32" hits="1" branch="false" />
            <line number="33" hits="1" branch="false" />
            <line number="34" hits="1" branch="false" />
            <line number="38" hits="1" branch="false" />
            <line number="39" hits="1" branch="false" />
            <line number="40" hits="1" branch="false" />
            <line number="41" hits="1" branch="false" />
            <line number="42" hits="1" branch="false" />
            <line number="45" hits="1" branch="false" />
            <line number="46" hits="1" branch="false" />
            <line number="47" hits="1" branch="false" />
            <line number="48" hits="1" branch="false" />
            <line number="49" hits="1" branch="false" />
            <line number="52" hits="1" branch="false" />
            <line number="53" hits="1" branch="false" />
            <line number="54" hits="1" branch="false" />
            <line number="55" hits="1" branch="false" />
            <line number="56" hits="1" branch="false" />
            <line number="59" hits="1" branch="false" />
            <line number="60" hits="1" branch="false" />
            <line number="61" hits="1" branch="false" />
            <line number="62" hits="1" branch="false" />
            <line number="63" hits="1" branch="false" />
            <line number="64" hits="1" branch="false" />
            <line number="65" hits="1" branch="false" />
            <line number="68" hits="1" branch="false" />
            <line number="69" hits="1" branch="false" />
            <line number="70" hits="1" branch="false" />
            <line number="71" hits="1" branch="false" />
            <line number="72" hits="1" branch="false" />
            <line number="73" hits="1" branch="false" />
            <line number="74" hits="1" branch="false" />
            <line number="77" hits="1" branch="false" />
            <line number="78" hits="1" branch="false" />
            <line number="79" hits="1" branch="false" />
            <line number="80" hits="1" branch="false" />
            <line number="81" hits="1" branch="false" />
            <line number="82" hits="1" branch="false" />
            <line number="83" hits="1" branch="false" />
            <line number="86" hits="1" branch="false" />
            <line number="87" hits="1" branch="false" />
            <line number="88" hits="1" branch="false" />
            <line number="89" hits="1" branch="false" />
            <line number="90" hits="1" branch="false" />
            <line number="91" hits="1" branch="false" />
            <line number="92" hits="1" branch="false" />
            <line number="95" hits="1" branch="false" />
            <line number="96" hits="1" branch="false" />
            <line number="97" hits="1" branch="false" />
            <line number="98" hits="1" branch="false" />
            <line number="99" hits="1" branch="false" />
            <line number="100" hits="1" branch="false" />
            <line number="101" hits="1" branch="false" />
            <line number="104" hits="1" branch="false" />
            <line number="105" hits="1" branch="false" />
            <line number="106" hits="1" branch="false" />
            <line number="107" hits="1" branch="false" />
            <line number="108" hits="1" branch="false" />
            <line number="109" hits="1" branch="false" />
            <line number="110" hits="1" branch="false" />
            <line number="113" hits="1" branch="false" />
            <line number="114" hits="1" branch="false" />
            <line number="115" hits="1" branch="false" />
            <line number="116" hits="1" branch="false" />
            <line number="117" hits="1" branch="false" />
            <line number="118" hits="1" branch="false" />
            <line number="119" hits="1" branch="false" />
            <line number="120" hits="1" branch="false" />
            <line number="121" hits="1" branch="false" />
            <line number="124" hits="1" branch="false" />
            <line number="125" hits="1" branch="false" />
            <line number="126" hits="1" branch="false" />
            <line number="127" hits="1" branch="false" />
            <line number="128" hits="1" branch="false" />
            <line number="129" hits="1" branch="false" />
            <line number="130" hits="1" branch="false" />
            <line number="133" hits="1" branch="false" />
            <line number="134" hits="1" branch="false" />
            <line number="135" hits="1" branch="false" />
            <line number="136" hits="1" branch="false" />
            <line number="137" hits="1" branch="false" />
            <line number="138" hits="1" branch="false" />
            <line number="139" hits="1" branch="false" />
            <line number="142" hits="1" branch="false" />
            <line number="143" hits="1" branch="false" />
            <line number="144" hits="1" branch="false" />
            <line number="145" hits="1" branch="false" />
            <line number="146" hits="1" branch="false" />
            <line number="147" hits="1" branch="false" />
            <line number="148" hits="1" branch="false" />
            <line number="151" hits="1" branch="false" />
            <line number="152" hits="1" branch="false" />
            <line number="153" hits="1" branch="false" />
            <line number="154" hits="1" branch="false" />
            <line number="155" hits="1" branch="false" />
            <line number="156" hits="1" branch="false" />
            <line number="157" hits="1" branch="false" />
            <line number="160" hits="41" branch="false" />
            <line number="161" hits="41" branch="false" />
            <line number="162" hits="41" branch="false" />
            <line number="163" hits="41" branch="false" />
            <line number="164" hits="41" branch="false" />
            <line number="165" hits="41" branch="false" />
            <line number="166" hits="41" branch="false" />
            <line number="167" hits="41" branch="false" />
          </lines>
        </class>
        <class name="ChessTest.SpecialTests" filename="E:\Egyetem\Temalabor\Chess\ConsoleChess\ChessTest\SpecialTests.cs" line-rate="1" branch-rate="1" complexity="23">
          <methods>
            <method name="ThereAre16WhitePieces" signature="()" line-rate="1" branch-rate="1" complexity="1">
              <lines>
                <line number="14" hits="1" branch="false" />
                <line number="15" hits="1" branch="false" />
                <line number="16" hits="1" branch="false" />
                <line number="17" hits="1" branch="false" />
                <line number="19" hits="1" branch="false" />
              </lines>
            </method>
            <method name="PawnCanMoveTwoFirst" signature="()" line-rate="1" branch-rate="1" complexity="1">
              <lines>
                <line number="22" hits="1" branch="false" />
                <line number="23" hits="1" branch="false" />
                <line number="24" hits="1" branch="false" />
                <line number="25" hits="1" branch="false" />
                <line number="26" hits="1" branch="false" />
              </lines>
            </method>
            <method name="PawnCannotMoveTwoLater" signature="()" line-rate="1" branch-rate="1" complexity="1">
              <lines>
                <line number="29" hits="1" branch="false" />
                <line number="30" hits="1" branch="false" />
                <line number="31" hits="1" branch="false" />
                <line number="32" hits="1" branch="false" />
                <line number="33" hits="1" branch="false" />
                <line number="34" hits="1" branch="false" />
              </lines>
            </method>
            <method name="CanAnPassant" signature="()" line-rate="1" branch-rate="1" complexity="1">
              <lines>
                <line number="37" hits="1" branch="false" />
                <line number="38" hits="1" branch="false" />
                <line number="39" hits="1" branch="false" />
                <line number="40" hits="1" branch="false" />
                <line number="41" hits="1" branch="false" />
                <line number="42" hits="1" branch="false" />
                <line number="43" hits="1" branch="false" />
                <line number="44" hits="1" branch="false" />
                <line number="45" hits="1" branch="false" />
              </lines>
            </method>
            <method name="CannotAnPassantLater" signature="()" line-rate="1" branch-rate="1" complexity="1">
              <lines>
                <line number="48" hits="1" branch="false" />
                <line number="49" hits="1" branch="false" />
                <line number="50" hits="1" branch="false" />
                <line number="51" hits="1" branch="false" />
                <line number="52" hits="1" branch="false" />
                <line number="53" hits="1" branch="false" />
                <line number="54" hits="1" branch="false" />
                <line number="55" hits="1" branch="false" />
                <line number="56" hits="1" branch="false" />
                <line number="57" hits="1" branch="false" />
                <line number="58" hits="1" branch="false" />
              </lines>
            </method>
            <method name="Castles" signature="()" line-rate="1" branch-rate="1" complexity="1">
              <lines>
                <line number="61" hits="1" branch="false" />
                <line number="62" hits="1" branch="false" />
                <line number="63" hits="1" branch="false" />
                <line number="64" hits="1" branch="false" />
                <line number="65" hits="3" branch="false" />
                <line number="66" hits="1" branch="false" />
                <line number="67" hits="1" branch="false" />
                <line number="69" hits="1" branch="false" />
                <line number="70" hits="3" branch="false" />
                <line number="71" hits="1" branch="false" />
                <line number="72" hits="2" branch="false" />
                <line number="74" hits="1" branch="false" />
                <line number="75" hits="3" branch="false" />
                <line number="76" hits="1" branch="false" />
                <line number="77" hits="2" branch="false" />
                <line number="79" hits="1" branch="false" />
                <line number="80" hits="3" branch="false" />
                <line number="81" hits="1" branch="false" />
                <line number="82" hits="1" branch="false" />
                <line number="84" hits="1" branch="false" />
                <line number="85" hits="3" branch="false" />
                <line number="86" hits="1" branch="false" />
                <line number="87" hits="1" branch="false" />
                <line number="89" hits="1" branch="false" />
                <line number="90" hits="1" branch="false" />
                <line number="91" hits="1" branch="false" />
              </lines>
            </method>
            <method name="LongCastles" signature="()" line-rate="1" branch-rate="1" complexity="1">
              <lines>
                <line number="94" hits="1" branch="false" />
                <line number="95" hits="1" branch="false" />
                <line number="96" hits="1" branch="false" />
                <line number="97" hits="1" branch="false" />
                <line number="98" hits="3" branch="false" />
                <line number="99" hits="1" branch="false" />
                <line number="100" hits="2" branch="false" />
                <line number="102" hits="1" branch="false" />
                <line number="103" hits="3" branch="false" />
                <line number="104" hits="1" branch="false" />
                <line number="105" hits="2" branch="false" />
                <line number="107" hits="1" branch="false" />
                <line number="108" hits="3" branch="false" />
                <line number="109" hits="1" branch="false" />
                <line number="110" hits="1" branch="false" />
                <line number="112" hits="1" branch="false" />
                <line number="113" hits="1" branch="false" />
                <line number="114" hits="1" branch="false" />
              </lines>
            </method>
            <method name="CannotCastleInCheck" signature="()" line-rate="1" branch-rate="1" complexity="1">
              <lines>
                <line number="117" hits="1" branch="false" />
                <line number="118" hits="1" branch="false" />
                <line number="119" hits="1" branch="false" />
                <line number="120" hits="1" branch="false" />
                <line number="121" hits="3" branch="false" />
                <line number="122" hits="1" branch="false" />
                <line number="123" hits="1" branch="false" />
                <line number="125" hits="1" branch="false" />
                <line number="126" hits="3" branch="false" />
                <line number="127" hits="1" branch="false" />
                <line number="128" hits="2" branch="false" />
                <line number="130" hits="1" branch="false" />
                <line number="131" hits="3" branch="false" />
                <line number="132" hits="1" branch="false" />
                <line number="133" hits="2" branch="false" />
                <line number="135" hits="1" branch="false" />
                <line number="136" hits="3" branch="false" />
                <line number="137" hits="1" branch="false" />
                <line number="138" hits="1" branch="false" />
                <line number="140" hits="1" branch="false" />
                <line number="141" hits="3" branch="false" />
                <line number="142" hits="1" branch="false" />
                <line number="143" hits="1" branch="false" />
                <line number="145" hits="1" branch="false" />
                <line number="146" hits="1" branch="false" />
                <line number="147" hits="1" branch="false" />
              </lines>
            </method>
            <method name="CannotCastleThroughPiece" signature="()" line-rate="1" branch-rate="1" complexity="1">
              <lines>
                <line number="150" hits="1" branch="false" />
                <line number="151" hits="1" branch="false" />
                <line number="152" hits="1" branch="false" />
                <line number="153" hits="1" branch="false" />
                <line number="154" hits="3" branch="false" />
                <line number="155" hits="1" branch="false" />
                <line number="156" hits="1" branch="false" />
                <line number="158" hits="1" branch="false" />
                <line number="159" hits="3" branch="false" />
                <line number="160" hits="1" branch="false" />
                <line number="161" hits="1" branch="false" />
                <line number="163" hits="1" branch="false" />
                <line number="164" hits="3" branch="false" />
                <line number="165" hits="1" branch="false" />
                <line number="166" hits="2" branch="false" />
                <line number="168" hits="1" branch="false" />
                <line number="169" hits="3" branch="false" />
                <line number="170" hits="1" branch="false" />
                <line number="171" hits="2" branch="false" />
                <line number="173" hits="1" branch="false" />
                <line number="174" hits="3" branch="false" />
                <line number="175" hits="1" branch="false" />
                <line number="176" hits="1" branch="false" />
                <line number="178" hits="1" branch="false" />
                <line number="179" hits="3" branch="false" />
                <line number="180" hits="1" branch="false" />
                <line number="181" hits="1" branch="false" />
                <line number="183" hits="1" branch="false" />
                <line number="184" hits="1" branch="false" />
                <line number="185" hits="1" branch="false" />
              </lines>
            </method>
            <method name="CannotCastleThroughCheck" signature="()" line-rate="1" branch-rate="1" complexity="1">
              <lines>
                <line number="189" hits="1" branch="false" />
                <line number="190" hits="1" branch="false" />
                <line number="191" hits="1" branch="false" />
                <line number="192" hits="1" branch="false" />
                <line number="193" hits="3" branch="false" />
                <line number="194" hits="1" branch="false" />
                <line number="195" hits="1" branch="false" />
                <line number="197" hits="1" branch="false" />
                <line number="198" hits="3" branch="false" />
                <line number="199" hits="1" branch="false" />
                <line number="200" hits="2" branch="false" />
                <line number="202" hits="1" branch="false" />
                <line number="203" hits="3" branch="false" />
                <line number="204" hits="1" branch="false" />
                <line number="205" hits="2" branch="false" />
                <line number="207" hits="1" branch="false" />
                <line number="208" hits="3" branch="false" />
                <line number="209" hits="1" branch="false" />
                <line number="210" hits="1" branch="false" />
                <line number="212" hits="1" branch="false" />
                <line number="213" hits="1" branch="false" />
                <line number="214" hits="1" branch="false" />
              </lines>
            </method>
            <method name="CannotCastleIfRookMoved" signature="()" line-rate="1" branch-rate="1" complexity="1">
              <lines>
                <line number="217" hits="1" branch="false" />
                <line number="218" hits="1" branch="false" />
                <line number="219" hits="1" branch="false" />
                <line number="220" hits="1" branch="false" />
                <line number="221" hits="3" branch="false" />
                <line number="222" hits="1" branch="false" />
                <line number="223" hits="2" branch="false" />
                <line number="225" hits="1" branch="false" />
                <line number="226" hits="3" branch="false" />
                <line number="227" hits="1" branch="false" />
                <line number="228" hits="2" branch="false" />
                <line number="230" hits="1" branch="false" />
                <line number="231" hits="3" branch="false" />
                <line number="232" hits="1" branch="false" />
                <line number="233" hits="1" branch="false" />
                <line number="234" hits="1" branch="false" />
                <line number="235" hits="1" branch="false" />
                <line number="236" hits="1" branch="false" />
                <line number="237" hits="1" branch="false" />
                <line number="238" hits="1" branch="false" />
                <line number="239" hits="1" branch="false" />
                <line number="240" hits="1" branch="false" />
              </lines>
            </method>
            <method name="CannotCastleIfKingMoved" signature="()" line-rate="1" branch-rate="1" complexity="1">
              <lines>
                <line number="243" hits="1" branch="false" />
                <line number="244" hits="1" branch="false" />
                <line number="245" hits="1" branch="false" />
                <line number="246" hits="1" branch="false" />
                <line number="247" hits="3" branch="false" />
                <line number="248" hits="1" branch="false" />
                <line number="249" hits="2" branch="false" />
                <line number="251" hits="1" branch="false" />
                <line number="252" hits="3" branch="false" />
                <line number="253" hits="1" branch="false" />
                <line number="254" hits="2" branch="false" />
                <line number="256" hits="1" branch="false" />
                <line number="257" hits="3" branch="false" />
                <line number="258" hits="1" branch="false" />
                <line number="259" hits="1" branch="false" />
                <line number="260" hits="1" branch="false" />
                <line number="261" hits="1" branch="false" />
                <line number="262" hits="1" branch="false" />
                <line number="263" hits="1" branch="false" />
                <line number="264" hits="1" branch="false" />
                <line number="265" hits="1" branch="false" />
                <line number="266" hits="1" branch="false" />
              </lines>
            </method>
            <method name="CannotCastleRookNotInPlace" signature="()" line-rate="1" branch-rate="1" complexity="1">
              <lines>
                <line number="269" hits="1" branch="false" />
                <line number="270" hits="1" branch="false" />
                <line number="271" hits="1" branch="false" />
                <line number="272" hits="1" branch="false" />
                <line number="273" hits="3" branch="false" />
                <line number="274" hits="1" branch="false" />
                <line number="275" hits="2" branch="false" />
                <line number="277" hits="1" branch="false" />
                <line number="278" hits="3" branch="false" />
                <line number="279" hits="1" branch="false" />
                <line number="280" hits="2" branch="false" />
                <line number="282" hits="1" branch="false" />
                <line number="283" hits="3" branch="false" />
                <line number="284" hits="1" branch="false" />
                <line number="285" hits="1" branch="false" />
                <line number="286" hits="1" branch="false" />
                <line number="287" hits="1" branch="false" />
                <line number="288" hits="1" branch="false" />
                <line number="289" hits="1" branch="false" />
                <line number="290" hits="1" branch="false" />
              </lines>
            </method>
            <method name="Promote" signature="()" line-rate="1" branch-rate="1" complexity="1">
              <lines>
                <line number="294" hits="1" branch="false" />
                <line number="295" hits="1" branch="false" />
                <line number="296" hits="1" branch="false" />
                <line number="297" hits="1" branch="false" />
                <line number="298" hits="3" branch="false" />
                <line number="299" hits="1" branch="false" />
                <line number="300" hits="2" branch="false" />
                <line number="302" hits="1" branch="false" />
                <line number="303" hits="3" branch="false" />
                <line number="304" hits="1" branch="false" />
                <line number="305" hits="2" branch="false" />
                <line number="307" hits="1" branch="false" />
                <line number="308" hits="3" branch="false" />
                <line number="309" hits="1" branch="false" />
                <line number="310" hits="1" branch="false" />
                <line number="311" hits="1" branch="false" />
                <line number="312" hits="1" branch="false" />
                <line number="314" hits="1" branch="false" />
                <line number="315" hits="1" branch="false" />
                <line number="316" hits="1" branch="false" />
              </lines>
            </method>
            <method name="Checkmate" signature="()" line-rate="1" branch-rate="1" complexity="1">
              <lines>
                <line number="319" hits="1" branch="false" />
                <line number="320" hits="1" branch="false" />
                <line number="321" hits="1" branch="false" />
                <line number="322" hits="1" branch="false" />
                <line number="323" hits="3" branch="false" />
                <line number="324" hits="1" branch="false" />
                <line number="325" hits="2" branch="false" />
                <line number="327" hits="1" branch="false" />
                <line number="328" hits="3" branch="false" />
                <line number="329" hits="1" branch="false" />
                <line number="330" hits="2" branch="false" />
                <line number="332" hits="1" branch="false" />
                <line number="333" hits="3" branch="false" />
                <line number="334" hits="1" branch="false" />
                <line number="335" hits="1" branch="false" />
                <line number="336" hits="1" branch="false" />
                <line number="338" hits="1" branch="false" />
                <line number="339" hits="1" branch="false" />
                <line number="341" hits="1" branch="false" />
              </lines>
            </method>
            <method name="Stalemate" signature="()" line-rate="1" branch-rate="1" complexity="1">
              <lines>
                <line number="344" hits="1" branch="false" />
                <line number="345" hits="1" branch="false" />
                <line number="346" hits="1" branch="false" />
                <line number="347" hits="1" branch="false" />
                <line number="348" hits="3" branch="false" />
                <line number="349" hits="1" branch="false" />
                <line number="350" hits="2" branch="false" />
                <line number="352" hits="1" branch="false" />
                <line number="353" hits="3" branch="false" />
                <line number="354" hits="1" branch="false" />
                <line number="355" hits="2" branch="false" />
                <line number="357" hits="1" branch="false" />
                <line number="358" hits="3" branch="false" />
                <line number="359" hits="1" branch="false" />
                <line number="360" hits="1" branch="false" />
                <line number="361" hits="1" branch="false" />
                <line number="363" hits="1" branch="false" />
                <line number="364" hits="1" branch="false" />
                <line number="365" hits="1" branch="false" />
              </lines>
            </method>
            <method name="InsufficientMaterial" signature="()" line-rate="1" branch-rate="1" complexity="1">
              <lines>
                <line number="369" hits="1" branch="false" />
                <line number="370" hits="1" branch="false" />
                <line number="371" hits="1" branch="false" />
                <line number="372" hits="1" branch="false" />
                <line number="373" hits="3" branch="false" />
                <line number="374" hits="1" branch="false" />
                <line number="375" hits="2" branch="false" />
                <line number="377" hits="1" branch="false" />
                <line number="378" hits="3" branch="false" />
                <line number="379" hits="1" branch="false" />
                <line number="380" hits="2" branch="false" />
                <line number="382" hits="1" branch="false" />
                <line number="383" hits="3" branch="false" />
                <line number="384" hits="1" branch="false" />
                <line number="385" hits="1" branch="false" />
                <line number="386" hits="1" branch="false" />
                <line number="388" hits="1" branch="false" />
                <line number="389" hits="1" branch="false" />
                <line number="390" hits="1" branch="false" />
              </lines>
            </method>
            <method name="PinnedPiece" signature="()" line-rate="1" branch-rate="1" complexity="1">
              <lines>
                <line number="394" hits="1" branch="false" />
                <line number="395" hits="1" branch="false" />
                <line number="396" hits="1" branch="false" />
                <line number="397" hits="1" branch="false" />
                <line number="398" hits="3" branch="false" />
                <line number="399" hits="1" branch="false" />
                <line number="400" hits="1" branch="false" />
                <line number="402" hits="1" branch="false" />
                <line number="403" hits="3" branch="false" />
                <line number="404" hits="1" branch="false" />
                <line number="405" hits="2" branch="false" />
                <line number="407" hits="1" branch="false" />
                <line number="408" hits="3" branch="false" />
                <line number="409" hits="1" branch="false" />
                <line number="410" hits="2" branch="false" />
                <line number="412" hits="1" branch="false" />
                <line number="413" hits="3" branch="false" />
                <line number="414" hits="1" branch="false" />
                <line number="415" hits="1" branch="false" />
                <line number="417" hits="1" branch="false" />
                <line number="418" hits="3" branch="false" />
                <line number="419" hits="1" branch="false" />
                <line number="420" hits="1" branch="false" />
                <line number="422" hits="1" branch="false" />
                <line number="423" hits="1" branch="false" />
                <line number="424" hits="1" branch="false" />
              </lines>
            </method>
            <method name="clearBoard" signature="(...)" line-rate="1" branch-rate="1" complexity="4">
              <lines>
                <line number="430" hits="13" branch="false" />
                <line number="431" hits="234" branch="true" condition-coverage="100% (2/2)" />
                <line number="432" hits="104" branch="false" />
                <line number="433" hits="1872" branch="true" condition-coverage="100% (2/2)" />
                <line number="434" hits="832" branch="false" />
                <line number="435" hits="832" branch="false" />
                <line number="436" hits="832" branch="false" />
                <line number="437" hits="104" branch="false" />
                <line number="438" hits="13" branch="false" />
                <line number="439" hits="13" branch="false" />
                <line number="440" hits="13" branch="false" />
              </lines>
            </method>
            <method name="generateMove" signature="(...)" line-rate="1" branch-rate="1" complexity="1">
              <lines>
                <line number="443" hits="35" branch="false" />
                <line number="444" hits="35" branch="false" />
                <line number="445" hits="35" branch="false" />
                <line number="446" hits="35" branch="false" />
                <line number="447" hits="35" branch="false" />
                <line number="448" hits="35" branch="false" />
                <line number="449" hits="35" branch="false" />
                <line number="450" hits="35" branch="false" />
              </lines>
            </method>
          </methods>
          <lines>
            <line number="14" hits="1" branch="false" />
            <line number="15" hits="1" branch="false" />
            <line number="16" hits="1" branch="false" />
            <line number="17" hits="1" branch="false" />
            <line number="19" hits="1" branch="false" />
            <line number="22" hits="1" branch="false" />
            <line number="23" hits="1" branch="false" />
            <line number="24" hits="1" branch="false" />
            <line number="25" hits="1" branch="false" />
            <line number="26" hits="1" branch="false" />
            <line number="29" hits="1" branch="false" />
            <line number="30" hits="1" branch="false" />
            <line number="31" hits="1" branch="false" />
            <line number="32" hits="1" branch="false" />
            <line number="33" hits="1" branch="false" />
            <line number="34" hits="1" branch="false" />
            <line number="37" hits="1" branch="false" />
            <line number="38" hits="1" branch="false" />
            <line number="39" hits="1" branch="false" />
            <line number="40" hits="1" branch="false" />
            <line number="41" hits="1" branch="false" />
            <line number="42" hits="1" branch="false" />
            <line number="43" hits="1" branch="false" />
            <line number="44" hits="1" branch="false" />
            <line number="45" hits="1" branch="false" />
            <line number="48" hits="1" branch="false" />
            <line number="49" hits="1" branch="false" />
            <line number="50" hits="1" branch="false" />
            <line number="51" hits="1" branch="false" />
            <line number="52" hits="1" branch="false" />
            <line number="53" hits="1" branch="false" />
            <line number="54" hits="1" branch="false" />
            <line number="55" hits="1" branch="false" />
            <line number="56" hits="1" branch="false" />
            <line number="57" hits="1" branch="false" />
            <line number="58" hits="1" branch="false" />
            <line number="61" hits="1" branch="false" />
            <line number="62" hits="1" branch="false" />
            <line number="63" hits="1" branch="false" />
            <line number="64" hits="1" branch="false" />
            <line number="65" hits="3" branch="false" />
            <line number="66" hits="1" branch="false" />
            <line number="67" hits="1" branch="false" />
            <line number="69" hits="1" branch="false" />
            <line number="70" hits="3" branch="false" />
            <line number="71" hits="1" branch="false" />
            <line number="72" hits="2" branch="false" />
            <line number="74" hits="1" branch="false" />
            <line number="75" hits="3" branch="false" />
            <line number="76" hits="1" branch="false" />
            <line number="77" hits="2" branch="false" />
            <line number="79" hits="1" branch="false" />
            <line number="80" hits="3" branch="false" />
            <line number="81" hits="1" branch="false" />
            <line number="82" hits="1" branch="false" />
            <line number="84" hits="1" branch="false" />
            <line number="85" hits="3" branch="false" />
            <line number="86" hits="1" branch="false" />
            <line number="87" hits="1" branch="false" />
            <line number="89" hits="1" branch="false" />
            <line number="90" hits="1" branch="false" />
            <line number="91" hits="1" branch="false" />
            <line number="94" hits="1" branch="false" />
            <line number="95" hits="1" branch="false" />
            <line number="96" hits="1" branch="false" />
            <line number="97" hits="1" branch="false" />
            <line number="98" hits="3" branch="false" />
            <line number="99" hits="1" branch="false" />
            <line number="100" hits="2" branch="false" />
            <line number="102" hits="1" branch="false" />
            <line number="103" hits="3" branch="false" />
            <line number="104" hits="1" branch="false" />
            <line number="105" hits="2" branch="false" />
            <line number="107" hits="1" branch="false" />
            <line number="108" hits="3" branch="false" />
            <line number="109" hits="1" branch="false" />
            <line number="110" hits="1" branch="false" />
            <line number="112" hits="1" branch="false" />
            <line number="113" hits="1" branch="false" />
            <line number="114" hits="1" branch="false" />
            <line number="117" hits="1" branch="false" />
            <line number="118" hits="1" branch="false" />
            <line number="119" hits="1" branch="false" />
            <line number="120" hits="1" branch="false" />
            <line number="121" hits="3" branch="false" />
            <line number="122" hits="1" branch="false" />
            <line number="123" hits="1" branch="false" />
            <line number="125" hits="1" branch="false" />
            <line number="126" hits="3" branch="false" />
            <line number="127" hits="1" branch="false" />
            <line number="128" hits="2" branch="false" />
            <line number="130" hits="1" branch="false" />
            <line number="131" hits="3" branch="false" />
            <line number="132" hits="1" branch="false" />
            <line number="133" hits="2" branch="false" />
            <line number="135" hits="1" branch="false" />
            <line number="136" hits="3" branch="false" />
            <line number="137" hits="1" branch="false" />
            <line number="138" hits="1" branch="false" />
            <line number="140" hits="1" branch="false" />
            <line number="141" hits="3" branch="false" />
            <line number="142" hits="1" branch="false" />
            <line number="143" hits="1" branch="false" />
            <line number="145" hits="1" branch="false" />
            <line number="146" hits="1" branch="false" />
            <line number="147" hits="1" branch="false" />
            <line number="150" hits="1" branch="false" />
            <line number="151" hits="1" branch="false" />
            <line number="152" hits="1" branch="false" />
            <line number="153" hits="1" branch="false" />
            <line number="154" hits="3" branch="false" />
            <line number="155" hits="1" branch="false" />
            <line number="156" hits="1" branch="false" />
            <line number="158" hits="1" branch="false" />
            <line number="159" hits="3" branch="false" />
            <line number="160" hits="1" branch="false" />
            <line number="161" hits="1" branch="false" />
            <line number="163" hits="1" branch="false" />
            <line number="164" hits="3" branch="false" />
            <line number="165" hits="1" branch="false" />
            <line number="166" hits="2" branch="false" />
            <line number="168" hits="1" branch="false" />
            <line number="169" hits="3" branch="false" />
            <line number="170" hits="1" branch="false" />
            <line number="171" hits="2" branch="false" />
            <line number="173" hits="1" branch="false" />
            <line number="174" hits="3" branch="false" />
            <line number="175" hits="1" branch="false" />
            <line number="176" hits="1" branch="false" />
            <line number="178" hits="1" branch="false" />
            <line number="179" hits="3" branch="false" />
            <line number="180" hits="1" branch="false" />
            <line number="181" hits="1" branch="false" />
            <line number="183" hits="1" branch="false" />
            <line number="184" hits="1" branch="false" />
            <line number="185" hits="1" branch="false" />
            <line number="189" hits="1" branch="false" />
            <line number="190" hits="1" branch="false" />
            <line number="191" hits="1" branch="false" />
            <line number="192" hits="1" branch="false" />
            <line number="193" hits="3" branch="false" />
            <line number="194" hits="1" branch="false" />
            <line number="195" hits="1" branch="false" />
            <line number="197" hits="1" branch="false" />
            <line number="198" hits="3" branch="false" />
            <line number="199" hits="1" branch="false" />
            <line number="200" hits="2" branch="false" />
            <line number="202" hits="1" branch="false" />
            <line number="203" hits="3" branch="false" />
            <line number="204" hits="1" branch="false" />
            <line number="205" hits="2" branch="false" />
            <line number="207" hits="1" branch="false" />
            <line number="208" hits="3" branch="false" />
            <line number="209" hits="1" branch="false" />
            <line number="210" hits="1" branch="false" />
            <line number="212" hits="1" branch="false" />
            <line number="213" hits="1" branch="false" />
            <line number="214" hits="1" branch="false" />
            <line number="217" hits="1" branch="false" />
            <line number="218" hits="1" branch="false" />
            <line number="219" hits="1" branch="false" />
            <line number="220" hits="1" branch="false" />
            <line number="221" hits="3" branch="false" />
            <line number="222" hits="1" branch="false" />
            <line number="223" hits="2" branch="false" />
            <line number="225" hits="1" branch="false" />
            <line number="226" hits="3" branch="false" />
            <line number="227" hits="1" branch="false" />
            <line number="228" hits="2" branch="false" />
            <line number="230" hits="1" branch="false" />
            <line number="231" hits="3" branch="false" />
            <line number="232" hits="1" branch="false" />
            <line number="233" hits="1" branch="false" />
            <line number="234" hits="1" branch="false" />
            <line number="235" hits="1" branch="false" />
            <line number="236" hits="1" branch="false" />
            <line number="237" hits="1" branch="false" />
            <line number="238" hits="1" branch="false" />
            <line number="239" hits="1" branch="false" />
            <line number="240" hits="1" branch="false" />
            <line number="243" hits="1" branch="false" />
            <line number="244" hits="1" branch="false" />
            <line number="245" hits="1" branch="false" />
            <line number="246" hits="1" branch="false" />
            <line number="247" hits="3" branch="false" />
            <line number="248" hits="1" branch="false" />
            <line number="249" hits="2" branch="false" />
            <line number="251" hits="1" branch="false" />
            <line number="252" hits="3" branch="false" />
            <line number="253" hits="1" branch="false" />
            <line number="254" hits="2" branch="false" />
            <line number="256" hits="1" branch="false" />
            <line number="257" hits="3" branch="false" />
            <line number="258" hits="1" branch="false" />
            <line number="259" hits="1" branch="false" />
            <line number="260" hits="1" branch="false" />
            <line number="261" hits="1" branch="false" />
            <line number="262" hits="1" branch="false" />
            <line number="263" hits="1" branch="false" />
            <line number="264" hits="1" branch="false" />
            <line number="265" hits="1" branch="false" />
            <line number="266" hits="1" branch="false" />
            <line number="269" hits="1" branch="false" />
            <line number="270" hits="1" branch="false" />
            <line number="271" hits="1" branch="false" />
            <line number="272" hits="1" branch="false" />
            <line number="273" hits="3" branch="false" />
            <line number="274" hits="1" branch="false" />
            <line number="275" hits="2" branch="false" />
            <line number="277" hits="1" branch="false" />
            <line number="278" hits="3" branch="false" />
            <line number="279" hits="1" branch="false" />
            <line number="280" hits="2" branch="false" />
            <line number="282" hits="1" branch="false" />
            <line number="283" hits="3" branch="false" />
            <line number="284" hits="1" branch="false" />
            <line number="285" hits="1" branch="false" />
            <line number="286" hits="1" branch="false" />
            <line number="287" hits="1" branch="false" />
            <line number="288" hits="1" branch="false" />
            <line number="289" hits="1" branch="false" />
            <line number="290" hits="1" branch="false" />
            <line number="294" hits="1" branch="false" />
            <line number="295" hits="1" branch="false" />
            <line number="296" hits="1" branch="false" />
            <line number="297" hits="1" branch="false" />
            <line number="298" hits="3" branch="false" />
            <line number="299" hits="1" branch="false" />
            <line number="300" hits="2" branch="false" />
            <line number="302" hits="1" branch="false" />
            <line number="303" hits="3" branch="false" />
            <line number="304" hits="1" branch="false" />
            <line number="305" hits="2" branch="false" />
            <line number="307" hits="1" branch="false" />
            <line number="308" hits="3" branch="false" />
            <line number="309" hits="1" branch="false" />
            <line number="310" hits="1" branch="false" />
            <line number="311" hits="1" branch="false" />
            <line number="312" hits="1" branch="false" />
            <line number="314" hits="1" branch="false" />
            <line number="315" hits="1" branch="false" />
            <line number="316" hits="1" branch="false" />
            <line number="319" hits="1" branch="false" />
            <line number="320" hits="1" branch="false" />
            <line number="321" hits="1" branch="false" />
            <line number="322" hits="1" branch="false" />
            <line number="323" hits="3" branch="false" />
            <line number="324" hits="1" branch="false" />
            <line number="325" hits="2" branch="false" />
            <line number="327" hits="1" branch="false" />
            <line number="328" hits="3" branch="false" />
            <line number="329" hits="1" branch="false" />
            <line number="330" hits="2" branch="false" />
            <line number="332" hits="1" branch="false" />
            <line number="333" hits="3" branch="false" />
            <line number="334" hits="1" branch="false" />
            <line number="335" hits="1" branch="false" />
            <line number="336" hits="1" branch="false" />
            <line number="338" hits="1" branch="false" />
            <line number="339" hits="1" branch="false" />
            <line number="341" hits="1" branch="false" />
            <line number="344" hits="1" branch="false" />
            <line number="345" hits="1" branch="false" />
            <line number="346" hits="1" branch="false" />
            <line number="347" hits="1" branch="false" />
            <line number="348" hits="3" branch="false" />
            <line number="349" hits="1" branch="false" />
            <line number="350" hits="2" branch="false" />
            <line number="352" hits="1" branch="false" />
            <line number="353" hits="3" branch="false" />
            <line number="354" hits="1" branch="false" />
            <line number="355" hits="2" branch="false" />
            <line number="357" hits="1" branch="false" />
            <line number="358" hits="3" branch="false" />
            <line number="359" hits="1" branch="false" />
            <line number="360" hits="1" branch="false" />
            <line number="361" hits="1" branch="false" />
            <line number="363" hits="1" branch="false" />
            <line number="364" hits="1" branch="false" />
            <line number="365" hits="1" branch="false" />
            <line number="369" hits="1" branch="false" />
            <line number="370" hits="1" branch="false" />
            <line number="371" hits="1" branch="false" />
            <line number="372" hits="1" branch="false" />
            <line number="373" hits="3" branch="false" />
            <line number="374" hits="1" branch="false" />
            <line number="375" hits="2" branch="false" />
            <line number="377" hits="1" branch="false" />
            <line number="378" hits="3" branch="false" />
            <line number="379" hits="1" branch="false" />
            <line number="380" hits="2" branch="false" />
            <line number="382" hits="1" branch="false" />
            <line number="383" hits="3" branch="false" />
            <line number="384" hits="1" branch="false" />
            <line number="385" hits="1" branch="false" />
            <line number="386" hits="1" branch="false" />
            <line number="388" hits="1" branch="false" />
            <line number="389" hits="1" branch="false" />
            <line number="390" hits="1" branch="false" />
            <line number="394" hits="1" branch="false" />
            <line number="395" hits="1" branch="false" />
            <line number="396" hits="1" branch="false" />
            <line number="397" hits="1" branch="false" />
            <line number="398" hits="3" branch="false" />
            <line number="399" hits="1" branch="false" />
            <line number="400" hits="1" branch="false" />
            <line number="402" hits="1" branch="false" />
            <line number="403" hits="3" branch="false" />
            <line number="404" hits="1" branch="false" />
            <line number="405" hits="2" branch="false" />
            <line number="407" hits="1" branch="false" />
            <line number="408" hits="3" branch="false" />
            <line number="409" hits="1" branch="false" />
            <line number="410" hits="2" branch="false" />
            <line number="412" hits="1" branch="false" />
            <line number="413" hits="3" branch="false" />
            <line number="414" hits="1" branch="false" />
            <line number="415" hits="1" branch="false" />
            <line number="417" hits="1" branch="false" />
            <line number="418" hits="3" branch="false" />
            <line number="419" hits="1" branch="false" />
            <line number="420" hits="1" branch="false" />
            <line number="422" hits="1" branch="false" />
            <line number="423" hits="1" branch="false" />
            <line number="424" hits="1" branch="false" />
            <line number="430" hits="13" branch="false" />
            <line number="431" hits="234" branch="true" condition-coverage="100% (2/2)" />
            <line number="432" hits="104" branch="false" />
            <line number="433" hits="1872" branch="true" condition-coverage="100% (2/2)" />
            <line number="434" hits="832" branch="false" />
            <line number="435" hits="832" branch="false" />
            <line number="436" hits="832" branch="false" />
            <line number="437" hits="104" branch="false" />
            <line number="438" hits="13" branch="false" />
            <line number="439" hits="13" branch="false" />
            <line number="440" hits="13" branch="false" />
            <line number="443" hits="35" branch="false" />
            <line number="444" hits="35" branch="false" />
            <line number="445" hits="35" branch="false" />
            <line number="446" hits="35" branch="false" />
            <line number="447" hits="35" branch="false" />
            <line number="448" hits="35" branch="false" />
            <line number="449" hits="35" branch="false" />
            <line number="450" hits="35" branch="false" />
          </lines>
        </class>
      </classes>
    </package>
    <package name="ConsoleChess" line-rate="0.681226765799256" branch-rate="0.621283255086072" complexity="688">
      <classes>
        <class name="ConsoleChess.BoardView" filename="E:\Egyetem\Temalabor\Chess\ConsoleChess\ConsoleChess\ConsoleView\BoardView.cs" line-rate="0" branch-rate="0" complexity="52">
          <methods>
            <method name="Draw" signature="()" line-rate="0" branch-rate="0" complexity="17">
              <lines>
                <line number="17" hits="0" branch="false" />
                <line number="18" hits="0" branch="false" />
                <line number="19" hits="0" branch="true" condition-coverage="0% (0/2)" />
                <line number="20" hits="0" branch="false" />
                <line number="21" hits="0" branch="true" condition-coverage="0% (0/2)" />
                <line number="22" hits="0" branch="false" />
                <line number="23" hits="0" branch="false" />
                <line number="24" hits="0" branch="true" condition-coverage="0% (0/2)" />
                <line number="25" hits="0" branch="true" condition-coverage="0% (0/2)" />
                <line number="26" hits="0" branch="false" />
                <line number="27" hits="0" branch="true" condition-coverage="0% (0/2)" />
                <line number="28" hits="0" branch="false" />
                <line number="29" hits="0" branch="true" condition-coverage="0% (0/7)" />
                <line number="32" hits="0" branch="false" />
                <line number="33" hits="0" branch="false" />
                <line number="35" hits="0" branch="false" />
                <line number="36" hits="0" branch="false" />
                <line number="38" hits="0" branch="false" />
                <line number="39" hits="0" branch="false" />
                <line number="41" hits="0" branch="false" />
                <line number="42" hits="0" branch="false" />
                <line number="44" hits="0" branch="false" />
                <line number="45" hits="0" branch="false" />
                <line number="47" hits="0" branch="false" />
                <line number="48" hits="0" branch="false" />
                <line number="50" hits="0" branch="false" />
                <line number="52" hits="0" branch="false" />
                <line number="53" hits="0" branch="false" />
                <line number="54" hits="0" branch="false" />
                <line number="55" hits="0" branch="false" />
                <line number="56" hits="0" branch="false" />
                <line number="57" hits="0" branch="false" />
                <line number="58" hits="0" branch="false" />
                <line number="59" hits="0" branch="false" />
              </lines>
            </method>
            <method name="ListPossibleMoves" signature="(...)" line-rate="0" branch-rate="0" complexity="2">
              <lines>
                <line number="61" hits="0" branch="false" />
                <line number="62" hits="0" branch="false" />
                <line number="63" hits="0" branch="false" />
                <line number="64" hits="0" branch="true" condition-coverage="0% (0/2)" />
                <line number="65" hits="0" branch="false" />
                <line number="66" hits="0" branch="false" />
                <line number="68" hits="0" branch="false" />
                <line number="69" hits="0" branch="false" />
                <line number="71" hits="0" branch="false" />
              </lines>
            </method>
            <method name="ValidateInput" signature="(...)" line-rate="0" branch-rate="0" complexity="32">
              <lines>
                <line number="73" hits="0" branch="false" />
                <line number="74" hits="0" branch="true" condition-coverage="0% (0/6)" />
                <line number="75" hits="0" branch="true" condition-coverage="0% (0/8)" />
                <line number="76" hits="0" branch="true" condition-coverage="0% (0/8)" />
                <line number="77" hits="0" branch="true" condition-coverage="0% (0/10)" />
                <line number="78" hits="0" branch="false" />
                <line number="79" hits="0" branch="false" />
              </lines>
            </method>
            <method name=".ctor" signature="(...)" line-rate="0" branch-rate="1" complexity="1">
              <lines>
                <line number="12" hits="0" branch="false" />
                <line number="13" hits="0" branch="false" />
                <line number="14" hits="0" branch="false" />
                <line number="15" hits="0" branch="false" />
              </lines>
            </method>
          </methods>
          <lines>
            <line number="12" hits="0" branch="false" />
            <line number="13" hits="0" branch="false" />
            <line number="14" hits="0" branch="false" />
            <line number="15" hits="0" branch="false" />
            <line number="17" hits="0" branch="false" />
            <line number="18" hits="0" branch="false" />
            <line number="19" hits="0" branch="true" condition-coverage="0% (0/2)" />
            <line number="20" hits="0" branch="false" />
            <line number="21" hits="0" branch="true" condition-coverage="0% (0/2)" />
            <line number="22" hits="0" branch="false" />
            <line number="23" hits="0" branch="false" />
            <line number="24" hits="0" branch="true" condition-coverage="0% (0/2)" />
            <line number="25" hits="0" branch="true" condition-coverage="0% (0/2)" />
            <line number="26" hits="0" branch="false" />
            <line number="27" hits="0" branch="true" condition-coverage="0% (0/2)" />
            <line number="28" hits="0" branch="false" />
            <line number="29" hits="0" branch="true" condition-coverage="0% (0/7)" />
            <line number="32" hits="0" branch="false" />
            <line number="33" hits="0" branch="false" />
            <line number="35" hits="0" branch="false" />
            <line number="36" hits="0" branch="false" />
            <line number="38" hits="0" branch="false" />
            <line number="39" hits="0" branch="false" />
            <line number="41" hits="0" branch="false" />
            <line number="42" hits="0" branch="false" />
            <line number="44" hits="0" branch="false" />
            <line number="45" hits="0" branch="false" />
            <line number="47" hits="0" branch="false" />
            <line number="48" hits="0" branch="false" />
            <line number="50" hits="0" branch="false" />
            <line number="52" hits="0" branch="false" />
            <line number="53" hits="0" branch="false" />
            <line number="54" hits="0" branch="false" />
            <line number="55" hits="0" branch="false" />
            <line number="56" hits="0" branch="false" />
            <line number="57" hits="0" branch="false" />
            <line number="58" hits="0" branch="false" />
            <line number="59" hits="0" branch="false" />
            <line number="61" hits="0" branch="false" />
            <line number="62" hits="0" branch="false" />
            <line number="63" hits="0" branch="false" />
            <line number="64" hits="0" branch="true" condition-coverage="0% (0/2)" />
            <line number="65" hits="0" branch="false" />
            <line number="66" hits="0" branch="false" />
            <line number="68" hits="0" branch="false" />
            <line number="69" hits="0" branch="false" />
            <line number="71" hits="0" branch="false" />
            <line number="73" hits="0" branch="false" />
            <line number="74" hits="0" branch="true" condition-coverage="0% (0/6)" />
            <line number="75" hits="0" branch="true" condition-coverage="0% (0/8)" />
            <line number="76" hits="0" branch="true" condition-coverage="0% (0/8)" />
            <line number="77" hits="0" branch="true" condition-coverage="0% (0/10)" />
            <line number="78" hits="0" branch="false" />
            <line number="79" hits="0" branch="false" />
          </lines>
        </class>
        <class name="ConsoleChess.ChessBoard" filename="E:\Egyetem\Temalabor\Chess\ConsoleChess\ConsoleChess\ChessBoard.cs" line-rate="0.83010752688172" branch-rate="0.716417910447761" complexity="268">
          <methods>
            <method name="IsAttacked" signature="(...)" line-rate="1" branch-rate="1" complexity="10">
              <lines>
                <line number="80" hits="186" branch="false" />
                <line number="81" hits="186" branch="true" condition-coverage="100% (2/2)" />
                <line number="82" hits="95" branch="false" />
                <line number="83" hits="1849" branch="true" condition-coverage="100% (2/2)" />
                <line number="84" hits="788" branch="false" />
                <line number="85" hits="788" branch="true" condition-coverage="100% (2/2)" />
                <line number="86" hits="12" branch="false" />
                <line number="87" hits="12" branch="false" />
                <line number="89" hits="776" branch="false" />
                <line number="90" hits="83" branch="false" />
                <line number="92" hits="91" branch="false" />
                <line number="93" hits="1890" branch="true" condition-coverage="100% (2/2)" />
                <line number="94" hits="818" branch="false" />
                <line number="95" hits="818" branch="true" condition-coverage="100% (2/2)" />
                <line number="96" hits="19" branch="false" />
                <line number="97" hits="19" branch="false" />
                <line number="99" hits="799" branch="false" />
                <line number="100" hits="72" branch="false" />
                <line number="102" hits="155" branch="false" />
                <line number="103" hits="186" branch="false" />
              </lines>
            </method>
            <method name="getPossibleMoves" signature="(...)" line-rate="0.846153846153846" branch-rate="0.722222222222222" complexity="18">
              <lines>
                <line number="105" hits="3" branch="false" />
                <line number="106" hits="3" branch="false" />
                <line number="108" hits="3" branch="false" />
                <line number="109" hits="3" branch="true" condition-coverage="50% (2/4)" />
                <line number="110" hits="3" branch="true" condition-coverage="50% (2/4)" />
                <line number="111" hits="54" branch="true" condition-coverage="100% (2/2)" />
                <line number="112" hits="24" branch="false" />
                <line number="113" hits="432" branch="true" condition-coverage="100% (2/2)" />
                <line number="114" hits="192" branch="false" />
                <line number="115" hits="192" branch="false" />
                <line number="116" hits="192" branch="false" />
                <line number="117" hits="384" branch="true" condition-coverage="100% (2/2)" />
                <line number="118" hits="192" branch="false" />
                <line number="119" hits="192" branch="true" condition-coverage="100% (2/2)" />
                <line number="120" hits="190" branch="false" />
                <line number="121" hits="190" branch="false" />
                <line number="122" hits="190" branch="false" />
                <line number="124" hits="2" branch="false" />
                <line number="125" hits="2" branch="false" />
                <line number="126" hits="2" branch="false" />
                <line number="127" hits="2" branch="false" />
                <line number="128" hits="2" branch="false" />
                <line number="129" hits="2" branch="false" />
                <line number="130" hits="2" branch="false" />
                <line number="131" hits="2" branch="false" />
                <line number="132" hits="2" branch="false" />
                <line number="133" hits="2" branch="true" condition-coverage="50% (1/2)" />
                <line number="134" hits="0" branch="false" />
                <line number="135" hits="0" branch="false" />
                <line number="136" hits="0" branch="false" />
                <line number="137" hits="0" branch="false" />
                <line number="138" hits="0" branch="false" />
                <line number="140" hits="0" branch="false" />
                <line number="141" hits="6" branch="false" />
                <line number="142" hits="2" branch="false" />
                <line number="144" hits="2" branch="false" />
                <line number="145" hits="24" branch="false" />
                <line number="146" hits="3" branch="false" />
                <line number="147" hits="3" branch="false" />
              </lines>
            </method>
            <method name="Move" signature="(...)" line-rate="1" branch-rate="0.8125" complexity="16">
              <lines>
                <line number="149" hits="76" branch="false" />
                <line number="150" hits="76" branch="true" condition-coverage="50% (2/4)" />
                <line number="151" hits="76" branch="false" />
                <line number="152" hits="76" branch="false" />
                <line number="153" hits="76" branch="false" />
                <line number="154" hits="76" branch="true" condition-coverage="100% (2/2)" />
                <line number="155" hits="75" branch="false" />
                <line number="156" hits="76" branch="true" condition-coverage="100% (4/4)" />
                <line number="157" hits="74" branch="true" condition-coverage="75% (3/4)" />
                <line number="158" hits="74" branch="false" />
                <line number="159" hits="75" branch="false" />
                <line number="160" hits="75" branch="true" condition-coverage="100% (2/2)" />
                <line number="161" hits="59" branch="false" />
                <line number="162" hits="59" branch="false" />
                <line number="163" hits="59" branch="false" />
                <line number="164" hits="59" branch="false" />
                <line number="166" hits="16" branch="false" />
                <line number="167" hits="76" branch="false" />
              </lines>
            </method>
            <method name="CheckEndGame" signature="()" line-rate="0.477272727272727" branch-rate="0.428571428571429" complexity="42">
              <lines>
                <line number="169" hits="3" branch="false" />
                <line number="170" hits="3" branch="false" />
                <line number="171" hits="3" branch="true" condition-coverage="50% (1/2)" />
                <line number="172" hits="0" branch="false" />
                <line number="173" hits="0" branch="true" condition-coverage="0% (0/2)" />
                <line number="174" hits="0" branch="false" />
                <line number="175" hits="0" branch="false" />
                <line number="176" hits="0" branch="false" />
                <line number="177" hits="0" branch="true" condition-coverage="0% (0/2)" />
                <line number="178" hits="0" branch="false" />
                <line number="179" hits="0" branch="false" />
                <line number="180" hits="0" branch="false" />
                <line number="181" hits="0" branch="false" />
                <line number="182" hits="0" branch="true" condition-coverage="0% (0/2)" />
                <line number="183" hits="0" branch="false" />
                <line number="184" hits="0" branch="true" condition-coverage="0% (0/4)" />
                <line number="185" hits="0" branch="true" condition-coverage="0% (0/4)" />
                <line number="186" hits="0" branch="false" />
                <line number="187" hits="3" branch="true" condition-coverage="100% (2/2)" />
                <line number="188" hits="3" branch="false" />
                <line number="189" hits="14" branch="true" condition-coverage="100% (2/2)" />
                <line number="190" hits="3" branch="false" />
                <line number="191" hits="3" branch="false" />
                <line number="192" hits="3" branch="false" />
                <line number="193" hits="3" branch="true" condition-coverage="100% (2/2)" />
                <line number="194" hits="3" branch="false" />
                <line number="195" hits="3" branch="false" />
                <line number="196" hits="3" branch="false" />
                <line number="197" hits="3" branch="false" />
[...]
                <line number="31" hits="175" branch="false" />
                <line number="32" hits="175" branch="false" />
                <line number="34" hits="286" branch="false" />
                <line number="35" hits="286" branch="false" />
                <line number="36" hits="286" branch="false" />
                <line number="38" hits="225" branch="false" />
                <line number="39" hits="225" branch="false" />
                <line number="40" hits="225" branch="false" />
                <line number="42" hits="239" branch="false" />
                <line number="43" hits="239" branch="false" />
                <line number="44" hits="239" branch="false" />
                <line number="46" hits="950" branch="false" />
                <line number="47" hits="950" branch="false" />
                <line number="48" hits="950" branch="false" />
                <line number="50" hits="0" branch="false" />
                <line number="52" hits="2415" branch="false" />
                <line number="53" hits="17280" branch="false" />
              </lines>
            </method>
          </methods>
          <lines>
            <line number="13" hits="122385" branch="false" />
            <line number="14" hits="63249" branch="false" />
            <line number="15" hits="64301" branch="false" />
            <line number="16" hits="60156" branch="false" />
            <line number="17" hits="17280" branch="false" />
            <line number="18" hits="17280" branch="false" />
            <line number="19" hits="17280" branch="false" />
            <line number="20" hits="17280" branch="false" />
            <line number="21" hits="17280" branch="true" condition-coverage="100% (2/2)" />
            <line number="22" hits="2415" branch="false" />
            <line number="23" hits="2415" branch="true" condition-coverage="100% (7/7)" />
            <line number="26" hits="540" branch="false" />
            <line number="27" hits="540" branch="false" />
            <line number="28" hits="540" branch="false" />
            <line number="30" hits="175" branch="false" />
            <line number="31" hits="175" branch="false" />
            <line number="32" hits="175" branch="false" />
            <line number="34" hits="286" branch="false" />
            <line number="35" hits="286" branch="false" />
            <line number="36" hits="286" branch="false" />
            <line number="38" hits="225" branch="false" />
            <line number="39" hits="225" branch="false" />
            <line number="40" hits="225" branch="false" />
            <line number="42" hits="239" branch="false" />
            <line number="43" hits="239" branch="false" />
            <line number="44" hits="239" branch="false" />
            <line number="46" hits="950" branch="false" />
            <line number="47" hits="950" branch="false" />
            <line number="48" hits="950" branch="false" />
            <line number="50" hits="0" branch="false" />
            <line number="52" hits="2415" branch="false" />
            <line number="53" hits="17280" branch="false" />
          </lines>
        </class>
        <class name="Program" filename="E:\Egyetem\Temalabor\Chess\ConsoleChess\ConsoleChess\ConsoleView\Program.cs" line-rate="0" branch-rate="0" complexity="34">
          <methods>
            <method name="&lt;Main&gt;$" signature="(...)" line-rate="0" branch-rate="0" complexity="34">
              <lines>
                <line number="7" hits="0" branch="false" />
                <line number="8" hits="0" branch="false" />
                <line number="9" hits="0" branch="false" />
                <line number="10" hits="0" branch="false" />
                <line number="12" hits="0" branch="false" />
                <line number="13" hits="0" branch="false" />
                <line number="14" hits="0" branch="false" />
                <line number="15" hits="0" branch="true" condition-coverage="0% (0/2)" />
                <line number="16" hits="0" branch="false" />
                <line number="17" hits="0" branch="true" condition-coverage="0% (0/2)" />
                <line number="18" hits="0" branch="false" />
                <line number="19" hits="0" branch="false" />
                <line number="20" hits="0" branch="true" condition-coverage="0% (0/2)" />
                <line number="21" hits="0" branch="false" />
                <line number="22" hits="0" branch="false" />
                <line number="23" hits="0" branch="false" />
                <line number="24" hits="0" branch="false" />
                <line number="25" hits="0" branch="false" />
                <line number="26" hits="0" branch="false" />
                <line number="27" hits="0" branch="false" />
                <line number="28" hits="0" branch="false" />
                <line number="29" hits="0" branch="false" />
                <line number="30" hits="0" branch="false" />
                <line number="31" hits="0" branch="false" />
                <line number="32" hits="0" branch="false" />
                <line number="33" hits="0" branch="false" />
                <line number="34" hits="0" branch="false" />
                <line number="35" hits="0" branch="false" />
                <line number="36" hits="0" branch="true" condition-coverage="0% (0/2)" />
                <line number="37" hits="0" branch="false" />
                <line number="38" hits="0" branch="true" condition-coverage="0% (0/8)" />
                <line number="41" hits="0" branch="false" />
                <line number="42" hits="0" branch="false" />
                <line number="44" hits="0" branch="false" />
                <line number="45" hits="0" branch="false" />
                <line number="47" hits="0" branch="false" />
                <line number="48" hits="0" branch="false" />
                <line number="50" hits="0" branch="false" />
                <line number="51" hits="0" branch="false" />
                <line number="53" hits="0" branch="false" />
                <line number="55" hits="0" branch="false" />
                <line number="57" hits="0" branch="true" condition-coverage="0% (0/2)" />
                <line number="58" hits="0" branch="false" />
                <line number="59" hits="0" branch="false" />
                <line number="60" hits="0" branch="false" />
                <line number="61" hits="0" branch="true" condition-coverage="0% (0/2)" />
                <line number="62" hits="0" branch="false" />
                <line number="63" hits="0" branch="false" />
                <line number="64" hits="0" branch="false" />
                <line number="65" hits="0" branch="false" />
                <line number="66" hits="0" branch="false" />
                <line number="67" hits="0" branch="false" />
                <line number="68" hits="0" branch="false" />
                <line number="69" hits="0" branch="false" />
                <line number="70" hits="0" branch="false" />
                <line number="71" hits="0" branch="true" condition-coverage="0% (0/2)" />
                <line number="72" hits="0" branch="false" />
                <line number="73" hits="0" branch="true" condition-coverage="0% (0/8)" />
                <line number="76" hits="0" branch="false" />
                <line number="77" hits="0" branch="false" />
                <line number="79" hits="0" branch="false" />
                <line number="80" hits="0" branch="false" />
                <line number="82" hits="0" branch="false" />
                <line number="83" hits="0" branch="false" />
                <line number="85" hits="0" branch="false" />
                <line number="86" hits="0" branch="false" />
                <line number="88" hits="0" branch="false" />
                <line number="90" hits="0" branch="false" />
                <line number="91" hits="0" branch="false" />
                <line number="95" hits="0" branch="false" />
                <line number="96" hits="0" branch="false" />
                <line number="97" hits="0" branch="false" />
                <line number="98" hits="0" branch="true" condition-coverage="0% (0/4)" />
                <line number="101" hits="0" branch="false" />
                <line number="102" hits="0" branch="false" />
                <line number="103" hits="0" branch="false" />
                <line number="105" hits="0" branch="false" />
                <line number="106" hits="0" branch="false" />
                <line number="107" hits="0" branch="false" />
                <line number="109" hits="0" branch="false" />
                <line number="110" hits="0" branch="false" />
                <line number="111" hits="0" branch="false" />
                <line number="113" hits="0" branch="false" />
                <line number="116" hits="0" branch="false" />
              </lines>
            </method>
          </methods>
          <lines>
            <line number="7" hits="0" branch="false" />
            <line number="8" hits="0" branch="false" />
            <line number="9" hits="0" branch="false" />
            <line number="10" hits="0" branch="false" />
            <line number="12" hits="0" branch="false" />
            <line number="13" hits="0" branch="false" />
            <line number="14" hits="0" branch="false" />
            <line number="15" hits="0" branch="true" condition-coverage="0% (0/2)" />
            <line number="16" hits="0" branch="false" />
            <line number="17" hits="0" branch="true" condition-coverage="0% (0/2)" />
            <line number="18" hits="0" branch="false" />
            <line number="19" hits="0" branch="false" />
            <line number="20" hits="0" branch="true" condition-coverage="0% (0/2)" />
            <line number="21" hits="0" branch="false" />
            <line number="22" hits="0" branch="false" />
            <line number="23" hits="0" branch="false" />
            <line number="24" hits="0" branch="false" />
            <line number="25" hits="0" branch="false" />
            <line number="26" hits="0" branch="false" />
            <line number="27" hits="0" branch="false" />
            <line number="28" hits="0" branch="false" />
            <line number="29" hits="0" branch="false" />
            <line number="30" hits="0" branch="false" />
            <line number="31" hits="0" branch="false" />
            <line number="32" hits="0" branch="false" />
            <line number="33" hits="0" branch="false" />
            <line number="34" hits="0" branch="false" />
            <line number="35" hits="0" branch="false" />
            <line number="36" hits="0" branch="true" condition-coverage="0% (0/2)" />
            <line number="37" hits="0" branch="false" />
            <line number="38" hits="0" branch="true" condition-coverage="0% (0/8)" />
            <line number="41" hits="0" branch="false" />
            <line number="42" hits="0" branch="false" />
            <line number="44" hits="0" branch="false" />
            <line number="45" hits="0" branch="false" />
            <line number="47" hits="0" branch="false" />
            <line number="48" hits="0" branch="false" />
            <line number="50" hits="0" branch="false" />
            <line number="51" hits="0" branch="false" />
            <line number="53" hits="0" branch="false" />
            <line number="55" hits="0" branch="false" />
            <line number="57" hits="0" branch="true" condition-coverage="0% (0/2)" />
            <line number="58" hits="0" branch="false" />
            <line number="59" hits="0" branch="false" />
            <line number="60" hits="0" branch="false" />
            <line number="61" hits="0" branch="true" condition-coverage="0% (0/2)" />
            <line number="62" hits="0" branch="false" />
            <line number="63" hits="0" branch="false" />
            <line number="64" hits="0" branch="false" />
            <line number="65" hits="0" branch="false" />
            <line number="66" hits="0" branch="false" />
            <line number="67" hits="0" branch="false" />
            <line number="68" hits="0" branch="false" />
            <line number="69" hits="0" branch="false" />
            <line number="70" hits="0" branch="false" />
            <line number="71" hits="0" branch="true" condition-coverage="0% (0/2)" />
            <line number="72" hits="0" branch="false" />
            <line number="73" hits="0" branch="true" condition-coverage="0% (0/8)" />
            <line number="76" hits="0" branch="false" />
            <line number="77" hits="0" branch="false" />
            <line number="79" hits="0" branch="false" />
            <line number="80" hits="0" branch="false" />
            <line number="82" hits="0" branch="false" />
            <line number="83" hits="0" branch="false" />
            <line number="85" hits="0" branch="false" />
            <line number="86" hits="0" branch="false" />
            <line number="88" hits="0" branch="false" />
            <line number="90" hits="0" branch="false" />
            <line number="91" hits="0" branch="false" />
            <line number="95" hits="0" branch="false" />
            <line number="96" hits="0" branch="false" />
            <line number="97" hits="0" branch="false" />
            <line number="98" hits="0" branch="true" condition-coverage="0% (0/4)" />
            <line number="101" hits="0" branch="false" />
            <line number="102" hits="0" branch="false" />
            <line number="103" hits="0" branch="false" />
            <line number="105" hits="0" branch="false" />
            <line number="106" hits="0" branch="false" />
            <line number="107" hits="0" branch="false" />
            <line number="109" hits="0" branch="false" />
            <line number="110" hits="0" branch="false" />
            <line number="111" hits="0" branch="false" />
            <line number="113" hits="0" branch="false" />
            <line number="116" hits="0" branch="false" />
          </lines>
        </class>
      </classes>
    </package>
    <package name="FrameworkBackend" line-rate="0" branch-rate="1" complexity="8">
      <classes>
        <class name="FrameworkBackend.Board`2" filename="E:\Egyetem\Temalabor\Chess\ConsoleChess\FrameworkBackend\Board.cs" line-rate="0" branch-rate="1" complexity="5">
          <methods>
            <method name="GetTurnOf" signature="()" line-rate="0" branch-rate="1" complexity="1">
              <lines>
                <line number="19" hits="0" branch="false" />
                <line number="20" hits="0" branch="false" />
                <line number="21" hits="0" branch="false" />
              </lines>
            </method>
            <method name="BoardToList" signature="()" line-rate="0" branch-rate="1" complexity="1">
              <lines>
                <line number="23" hits="0" branch="false" />
                <line number="24" hits="0" branch="false" />
                <line number="25" hits="0" branch="false" />
              </lines>
            </method>
            <method name="GetMoves" signature="()" line-rate="0" branch-rate="1" complexity="1">
              <lines>
                <line number="28" hits="0" branch="false" />
                <line number="29" hits="0" branch="false" />
                <line number="30" hits="0" branch="false" />
              </lines>
            </method>
            <method name="SerializeBoard" signature="()" line-rate="0" branch-rate="1" complexity="1">
              <lines>
                <line number="32" hits="0" branch="false" />
                <line number="33" hits="0" branch="false" />
                <line number="34" hits="0" branch="false" />
              </lines>
            </method>
            <method name="DeserializeBoard" signature="(...)" line-rate="0" branch-rate="1" complexity="1">
              <lines>
                <line number="36" hits="0" branch="false" />
                <line number="37" hits="0" branch="false" />
                <line number="38" hits="0" branch="false" />
              </lines>
            </method>
          </methods>
          <lines>
            <line number="19" hits="0" branch="false" />
            <line number="20" hits="0" branch="false" />
            <line number="21" hits="0" branch="false" />
            <line number="23" hits="0" branch="false" />
            <line number="24" hits="0" branch="false" />
            <line number="25" hits="0" branch="false" />
            <line number="28" hits="0" branch="false" />
            <line number="29" hits="0" branch="false" />
            <line number="30" hits="0" branch="false" />
            <line number="32" hits="0" branch="false" />
            <line number="33" hits="0" branch="false" />
            <line number="34" hits="0" branch="false" />
            <line number="36" hits="0" branch="false" />
            <line number="37" hits="0" branch="false" />
            <line number="38" hits="0" branch="false" />
          </lines>
        </class>
        <class name="FrameworkBackend.BoardState`2" filename="E:\Egyetem\Temalabor\Chess\ConsoleChess\FrameworkBackend\BoardState.cs" line-rate="0" branch-rate="1" complexity="2">
          <methods>
            <method name="SerializeBoard" signature="()" line-rate="0" branch-rate="1" complexity="1">
              <lines>
                <line number="27" hits="0" branch="false" />
                <line number="30" hits="0" branch="false" />
                <line number="31" hits="0" branch="false" />
                <line number="32" hits="0" branch="false" />
                <line number="33" hits="0" branch="false" />
                <line number="34" hits="0" branch="false" />
                <line number="36" hits="0" branch="false" />
              </lines>
            </method>
            <method name="DeserializeBoard" signature="(...)" line-rate="0" branch-rate="1" complexity="1">
              <lines>
                <line number="38" hits="0" branch="false" />
                <line number="39" hits="0" branch="false" />
                <line number="40" hits="0" branch="false" />
                <line number="41" hits="0" branch="false" />
                <line number="42" hits="0" branch="false" />
                <line number="43" hits="0" branch="false" />
                <line number="44" hits="0" branch="false" />
              </lines>
            </method>
          </methods>
          <lines>
            <line number="27" hits="0" branch="false" />
            <line number="30" hits="0" branch="false" />
            <line number="31" hits="0" branch="false" />
            <line number="32" hits="0" branch="false" />
            <line number="33" hits="0" branch="false" />
            <line number="34" hits="0" branch="false" />
            <line number="36" hits="0" branch="false" />
            <line number="38" hits="0" branch="false" />
            <line number="39" hits="0" branch="false" />
            <line number="40" hits="0" branch="false" />
            <line number="41" hits="0" branch="false" />
            <line number="42" hits="0" branch="false" />
            <line number="43" hits="0" branch="false" />
            <line number="44" hits="0" branch="false" />
          </lines>
        </class>
        <class name="Program" filename="E:\Egyetem\Temalabor\Chess\ConsoleChess\FrameworkBackend\Program.cs" line-rate="0" branch-rate="1" complexity="1">
          <methods>
            <method name="&lt;Main&gt;$" signature="(...)" line-rate="0" branch-rate="1" complexity="1">
              <lines>
                <line number="5" hits="0" branch="false" />
              </lines>
            </method>
          </methods>
          <lines>
            <line number="5" hits="0" branch="false" />
          </lines>
        </class>
      </classes>
    </package>
  </packages>
</coverage>